<?xml version="1.0" encoding="UTF-8"?>
<testng-results ignored="0" total="2" passed="2" failed="0" skipped="0">
  <reporter-output>
  </reporter-output>
  <suite started-at="2026-07-17T09:07:56 IST" name="SmileGuard Appium E2E Automation Suite" finished-at="2026-07-17T09:08:13 IST" duration-ms="17255">
    <groups>
    </groups>
    <test started-at="2026-07-17T09:07:56 IST" name="Appium Web E2E Tests" finished-at="2026-07-17T09:08:13 IST" duration-ms="17255">
      <class name="com.smileguard.tests.SmileGuardTest">
        <test-method is-config="true" signature="setUp()[pri:0, instance:com.smileguard.tests.SmileGuardTest@7ce3cb8e]" started-at="2026-07-17T09:07:56 IST" name="setUp" finished-at="2026-07-17T09:07:58 IST" duration-ms="1935" status="PASS">
          <reporter-output>
          </reporter-output>
        </test-method> <!-- setUp -->
        <test-method signature="testLiveApplicationFlows()[pri:1, instance:com.smileguard.tests.SmileGuardTest@7ce3cb8e]" started-at="2026-07-17T09:07:58 IST" name="testLiveApplicationFlows" finished-at="2026-07-17T09:08:11 IST" duration-ms="13059" status="PASS">
          <reporter-output>
          </reporter-output>
        </test-method> <!-- testLiveApplicationFlows -->
        <test-method signature="generateUniqueAutomationTestCases()[pri:2, instance:com.smileguard.tests.SmileGuardTest@7ce3cb8e]" started-at="2026-07-17T09:08:11 IST" name="generateUniqueAutomationTestCases" finished-at="2026-07-17T09:08:11 IST" duration-ms="7" status="PASS">
          <reporter-output>
          </reporter-output>
        </test-method> <!-- generateUniqueAutomationTestCases -->
        <test-method is-config="true" signature="tearDown()[pri:0, instance:com.smileguard.tests.SmileGuardTest@7ce3cb8e]" started-at="2026-07-17T09:08:11 IST" name="tearDown" finished-at="2026-07-17T09:08:13 IST" duration-ms="2220" status="PASS">
          <reporter-output>
          </reporter-output>
        </test-method> <!-- tearDown -->
      </class> <!-- com.smileguard.tests.SmileGuardTest -->
    </test> <!-- Appium Web E2E Tests -->
  </suite> <!-- SmileGuard Appium E2E Automation Suite -->
</testng-results>
