<?xml version="1.0" encoding="UTF-8"?>
<!-- Generated by org.testng.reporters.JUnitXMLReporter -->
<testsuite ignored="0" hostname="Anju" failures="0" tests="2" name="Appium Web E2E Tests" time="17.255" errors="0" timestamp="2026-07-17T09:08:13 IST">
  <testcase classname="com.smileguard.tests.SmileGuardTest" name="testLiveApplicationFlows" time="13.059"/>
  <testcase classname="com.smileguard.tests.SmileGuardTest" name="generateUniqueAutomationTestCases" time="0.007"/>
</testsuite> <!-- Appium Web E2E Tests -->
